<?xml version="1.0" encoding="UTF-8"?>
<!-- Generated by org.testng.reporters.JUnitXMLReporter -->
<testsuite ignored="0" hostname="DESKTOP-RPMO6KI" failures="0" tests="3" name="Surefire test" time="11.557" errors="0" timestamp="2022-06-03T10:02:18 IST">
  <testcase classname="com.framework.basics.AppTest" name="shouldAnswerWithTrue" time="0.007"/>
  <testcase classname="com.framework.basics.ExtentReportsTest" name="test" time="9.775"/>
  <testcase classname="com.framework.basics.SmokeAppTest" name="test" time="0.001"/>
</testsuite> <!-- Surefire test -->
