<?xml version="1.0" encoding="UTF-8"?>
<testng-results ignored="0" total="1" passed="1" failed="0" skipped="0">
  <reporter-output>
  </reporter-output>
  <suite started-at="2022-05-25T10:55:16 IST" name="Suite" finished-at="2022-05-25T10:55:16 IST" duration-ms="102">
    <groups>
    </groups>
    <test started-at="2022-05-25T10:55:16 IST" name="Test" finished-at="2022-05-25T10:55:16 IST" duration-ms="102">
      <class name="com.framework.basics.SmokeAppTest">
        <test-method signature="test()[pri:0, instance:com.framework.basics.SmokeAppTest@9225652]" started-at="2022-05-25T10:55:16 IST" name="test" finished-at="2022-05-25T10:55:16 IST" duration-ms="11" status="PASS">
          <reporter-output>
          </reporter-output>
        </test-method> <!-- test -->
      </class> <!-- com.framework.basics.SmokeAppTest -->
    </test> <!-- Test -->
  </suite> <!-- Suite -->
</testng-results>
