<?xml version="1.0" encoding="UTF-8"?>
<testng-results ignored="0" total="3" passed="3" failed="0" skipped="0">
  <reporter-output>
  </reporter-output>
  <suite started-at="2022-06-03T10:02:06 IST" name="Surefire suite" finished-at="2022-06-03T10:02:18 IST" duration-ms="11557">
    <groups>
    </groups>
    <test started-at="2022-06-03T10:02:06 IST" name="Surefire test" finished-at="2022-06-03T10:02:18 IST" duration-ms="11557">
      <class name="com.framework.basics.SmokeAppTest">
        <test-method signature="test()[pri:0, instance:com.framework.basics.SmokeAppTest@712625fd]" started-at="2022-06-03T10:02:16 IST" name="test" finished-at="2022-06-03T10:02:16 IST" duration-ms="1" status="PASS">
          <reporter-output>
          </reporter-output>
        </test-method> <!-- test -->
      </class> <!-- com.framework.basics.SmokeAppTest -->
      <class name="com.framework.basics.AppTest">
        <test-method signature="shouldAnswerWithTrue()[pri:0, instance:com.framework.basics.AppTest@6c779568]" started-at="2022-06-03T10:02:07 IST" name="shouldAnswerWithTrue" finished-at="2022-06-03T10:02:07 IST" duration-ms="7" status="PASS">
          <reporter-output>
          </reporter-output>
        </test-method> <!-- shouldAnswerWithTrue -->
      </class> <!-- com.framework.basics.AppTest -->
      <class name="com.framework.basics.ExtentReportsTest">
        <test-method is-config="true" signature="setup()[pri:0, instance:com.framework.basics.ExtentReportsTest@33065d67]" started-at="2022-06-03T10:02:06 IST" name="setup" finished-at="2022-06-03T10:02:07 IST" duration-ms="501" status="PASS">
          <reporter-output>
          </reporter-output>
        </test-method> <!-- setup -->
        <test-method signature="test()[pri:0, instance:com.framework.basics.ExtentReportsTest@33065d67]" started-at="2022-06-03T10:02:07 IST" name="test" finished-at="2022-06-03T10:02:16 IST" duration-ms="9775" status="PASS">
          <reporter-output>
          </reporter-output>
        </test-method> <!-- test -->
        <test-method is-config="true" signature="after()[pri:0, instance:com.framework.basics.ExtentReportsTest@33065d67]" started-at="2022-06-03T10:02:16 IST" name="after" finished-at="2022-06-03T10:02:18 IST" duration-ms="1179" status="PASS">
          <reporter-output>
          </reporter-output>
        </test-method> <!-- after -->
      </class> <!-- com.framework.basics.ExtentReportsTest -->
    </test> <!-- Surefire test -->
  </suite> <!-- Surefire suite -->
</testng-results>
