<?xml version="1.0" encoding="UTF-8"?>
<testng-results ignored="0" total="1" passed="1" failed="0" skipped="0">
  <reporter-output>
  </reporter-output>
  <suite started-at="2022-05-30T10:58:30 IST" name="Default suite" finished-at="2022-05-30T10:58:39 IST" duration-ms="9197">
    <groups>
    </groups>
    <test started-at="2022-05-30T10:58:30 IST" name="Default test" finished-at="2022-05-30T10:58:39 IST" duration-ms="9197">
      <class name="objectRepoTest.PageFactoryExample">
        <test-method signature="mainTest()[pri:0, instance:objectRepoTest.PageFactoryExample@173ed316]" started-at="2022-05-30T10:58:30 IST" name="mainTest" finished-at="2022-05-30T10:58:39 IST" duration-ms="9049" status="PASS">
          <reporter-output>
          </reporter-output>
        </test-method> <!-- mainTest -->
      </class> <!-- objectRepoTest.PageFactoryExample -->
    </test> <!-- Default test -->
  </suite> <!-- Default suite -->
</testng-results>
