<?xml version="1.0" encoding="UTF-8"?>
<testng-results ignored="0" total="1" passed="1" failed="0" skipped="0">
  <reporter-output>
  </reporter-output>
  <suite started-at="2022-05-26T10:37:31 IST" name="Default suite" finished-at="2022-05-26T10:37:42 IST" duration-ms="10908">
    <groups>
    </groups>
    <test started-at="2022-05-26T10:37:31 IST" name="Default test" finished-at="2022-05-26T10:37:42 IST" duration-ms="10908">
      <class name="com.framework.basics.ExtentReportsTest">
        <test-method is-config="true" signature="setup()[pri:0, instance:com.framework.basics.ExtentReportsTest@7b50df34]" started-at="2022-05-26T10:37:32 IST" name="setup" finished-at="2022-05-26T10:37:32 IST" duration-ms="459" status="PASS">
          <reporter-output>
          </reporter-output>
        </test-method> <!-- setup -->
        <test-method signature="test()[pri:0, instance:com.framework.basics.ExtentReportsTest@7b50df34]" started-at="2022-05-26T10:37:32 IST" name="test" finished-at="2022-05-26T10:37:41 IST" duration-ms="9167" status="PASS">
          <reporter-output>
          </reporter-output>
        </test-method> <!-- test -->
        <test-method is-config="true" signature="after()[pri:0, instance:com.framework.basics.ExtentReportsTest@7b50df34]" started-at="2022-05-26T10:37:41 IST" name="after" finished-at="2022-05-26T10:37:42 IST" duration-ms="1171" status="PASS">
          <reporter-output>
          </reporter-output>
        </test-method> <!-- after -->
      </class> <!-- com.framework.basics.ExtentReportsTest -->
    </test> <!-- Default test -->
  </suite> <!-- Default suite -->
</testng-results>
